<?xml version="1.0" encoding="UTF-8"?>
<testsuite name="com.brigita.dragons.of.mugloar.services.ShopServiceTest" tests="4" skipped="0" failures="0" errors="0" timestamp="2024-09-01T21:49:26" hostname="Brigitas-MacBook-Pro.local" time="0.009">
  <properties/>
  <testcase name="notSharpenedClawsWhenGoldNotEnough()" classname="com.brigita.dragons.of.mugloar.services.ShopServiceTest" time="0.002"/>
  <testcase name="successfullySharpenClaws()" classname="com.brigita.dragons.of.mugloar.services.ShopServiceTest" time="0.002"/>
  <testcase name="dontBuyPotionWhenItIsNotFound()" classname="com.brigita.dragons.of.mugloar.services.ShopServiceTest" time="0.001"/>
  <testcase name="successfullyBuyPotion()" classname="com.brigita.dragons.of.mugloar.services.ShopServiceTest" time="0.002"/>
  <system-out><![CDATA[]]></system-out>
  <system-err><![CDATA[]]></system-err>
</testsuite>
