<?xml version="1.0" encoding="UTF-8"?>
<testsuite name="com.brigita.dragons.of.mugloar.services.MessageServiceTest" tests="5" skipped="0" failures="0" errors="0" timestamp="2024-09-01T21:49:26" hostname="Brigitas-MacBook-Pro.local" time="0.02">
  <properties/>
  <testcase name="successfullySelectSimplestMessageWhen1LiveLeft()" classname="com.brigita.dragons.of.mugloar.services.MessageServiceTest" time="0.013"/>
  <testcase name="successfullySelectOptimalMessage()" classname="com.brigita.dragons.of.mugloar.services.MessageServiceTest" time="0.002"/>
  <testcase name="successfullySelectSimpleMessage()" classname="com.brigita.dragons.of.mugloar.services.MessageServiceTest" time="0.001"/>
  <testcase name="exceptionWhenNoMessagesReturned()" classname="com.brigita.dragons.of.mugloar.services.MessageServiceTest" time="0.001"/>
  <testcase name="successfullySolveMessage()" classname="com.brigita.dragons.of.mugloar.services.MessageServiceTest" time="0.001"/>
  <system-out><![CDATA[]]></system-out>
  <system-err><![CDATA[]]></system-err>
</testsuite>
